<?xml version="1.0" encoding="UTF-8"?>
<testng-results ignored="0" total="1" passed="1" failed="0" skipped="0">
  <reporter-output>
  </reporter-output>
  <suite started-at="2024-06-29T16:26:20 IST" name="Default suite" finished-at="2024-06-29T16:26:27 IST" duration-ms="6399">
    <groups>
    </groups>
    <test started-at="2024-06-29T16:26:20 IST" name="Default test" finished-at="2024-06-29T16:26:27 IST" duration-ms="6399">
      <class name="panCardMock.CreditCardPayTest">
        <test-method signature="cctest()[pri:0, instance:panCardMock.CreditCardPayTest@47d9a273]" started-at="2024-06-29T16:26:20 IST" name="cctest" finished-at="2024-06-29T16:26:27 IST" duration-ms="6284" status="PASS">
          <reporter-output>
          </reporter-output>
        </test-method> <!-- cctest -->
      </class> <!-- panCardMock.CreditCardPayTest -->
    </test> <!-- Default test -->
  </suite> <!-- Default suite -->
</testng-results>
